INFO 2025-04-12 22:14:00,022 tasks Starting habit check at 19:14
INFO 2025-04-12 22:14:00,026 tasks Found 0 users with notifications scheduled for 19:14
INFO 2025-04-12 22:15:00,004 tasks Starting habit check at 19:15
INFO 2025-04-12 22:15:00,006 tasks Found 0 users with notifications scheduled for 19:15
INFO 2025-04-12 22:16:00,004 tasks Starting habit check at 19:16
INFO 2025-04-12 22:16:00,006 tasks Found 0 users with notifications scheduled for 19:16
INFO 2025-04-12 22:17:00,003 tasks Starting habit check at 19:17
INFO 2025-04-12 22:17:00,006 tasks Found 0 users with notifications scheduled for 19:17
INFO 2025-04-12 22:18:00,003 tasks Starting habit check at 19:18
INFO 2025-04-12 22:18:00,006 tasks Found 0 users with notifications scheduled for 19:18
INFO 2025-04-12 22:19:00,004 tasks Starting habit check at 19:19
INFO 2025-04-12 22:19:00,008 tasks Found 0 users with notifications scheduled for 19:19
INFO 2025-04-12 22:20:00,004 tasks Starting habit check at 19:20
INFO 2025-04-12 22:20:00,008 tasks Found 0 users with notifications scheduled for 19:20
INFO 2025-04-12 22:21:00,004 tasks Starting habit check at 19:21
INFO 2025-04-12 22:21:00,008 tasks Found 0 users with notifications scheduled for 19:21
INFO 2025-04-12 22:22:00,004 tasks Starting habit check at 19:22
INFO 2025-04-12 22:22:00,006 tasks Found 0 users with notifications scheduled for 19:22
INFO 2025-04-12 22:23:00,004 tasks Starting habit check at 19:23
INFO 2025-04-12 22:23:00,006 tasks Found 0 users with notifications scheduled for 19:23
INFO 2025-04-12 22:24:00,004 tasks Starting habit check at 19:24
INFO 2025-04-12 22:24:00,006 tasks Found 0 users with notifications scheduled for 19:24
INFO 2025-04-12 22:25:00,003 tasks Starting habit check at 19:25
INFO 2025-04-12 22:25:00,005 tasks Found 0 users with notifications scheduled for 19:25
INFO 2025-04-12 22:26:00,004 tasks Starting habit check at 19:26
INFO 2025-04-12 22:26:00,006 tasks Found 0 users with notifications scheduled for 19:26
INFO 2025-04-12 22:27:00,004 tasks Starting habit check at 19:27
INFO 2025-04-12 22:27:00,007 tasks Found 0 users with notifications scheduled for 19:27
INFO 2025-04-12 22:28:00,003 tasks Starting habit check at 19:28
INFO 2025-04-12 22:28:00,005 tasks Found 0 users with notifications scheduled for 19:28
INFO 2025-04-12 22:29:00,004 tasks Starting habit check at 19:29
INFO 2025-04-12 22:29:00,006 tasks Found 0 users with notifications scheduled for 19:29
INFO 2025-04-12 22:30:00,004 tasks Starting habit check at 19:30
INFO 2025-04-12 22:30:00,008 tasks Found 0 users with notifications scheduled for 19:30
INFO 2025-04-12 22:31:00,003 tasks Starting habit check at 19:31
INFO 2025-04-12 22:31:00,005 tasks Found 0 users with notifications scheduled for 19:31
INFO 2025-04-12 22:32:21,564 tasks Starting habit check at 19:32
INFO 2025-04-12 22:32:21,568 tasks Found 0 users with notifications scheduled for 19:32
INFO 2025-04-12 22:33:00,003 tasks Starting habit check at 19:33
INFO 2025-04-12 22:33:00,007 tasks Found 0 users with notifications scheduled for 19:33
INFO 2025-04-12 22:34:00,004 tasks Starting habit check at 19:34
INFO 2025-04-12 22:34:00,006 tasks Found 0 users with notifications scheduled for 19:34
INFO 2025-04-12 22:35:00,024 tasks Starting habit check at 19:35
INFO 2025-04-12 22:35:00,024 tasks Current hour: 19, minute: 35
INFO 2025-04-12 22:35:00,029 tasks Total active users: 0
INFO 2025-04-12 22:35:00,033 tasks Found 0 users with notifications scheduled for 19:35
INFO 2025-04-12 22:36:00,004 tasks Starting habit check at 19:36
INFO 2025-04-12 22:36:00,005 tasks Current hour: 19, minute: 36
INFO 2025-04-12 22:36:00,007 tasks Total active users: 1
INFO 2025-04-12 22:36:00,009 tasks User admin notification time: 22:36
INFO 2025-04-12 22:36:00,010 tasks Found 0 users with notifications scheduled for 19:36
INFO 2025-04-12 22:37:00,004 tasks Starting habit check at 19:37
INFO 2025-04-12 22:37:00,005 tasks Current hour: 19, minute: 37
INFO 2025-04-12 22:37:00,006 tasks Total active users: 1
INFO 2025-04-12 22:37:00,008 tasks User admin notification time: 22:36
INFO 2025-04-12 22:37:00,009 tasks Found 0 users with notifications scheduled for 19:37
INFO 2025-04-12 22:38:00,003 tasks Starting habit check at 19:38
INFO 2025-04-12 22:38:00,003 tasks Current hour: 19, minute: 38
INFO 2025-04-12 22:38:00,005 tasks Total active users: 1
INFO 2025-04-12 22:38:00,007 tasks User admin notification time: 22:36
INFO 2025-04-12 22:38:00,008 tasks Found 0 users with notifications scheduled for 19:38
INFO 2025-04-12 22:39:00,003 tasks Starting habit check at 19:39
INFO 2025-04-12 22:39:00,004 tasks Current hour: 19, minute: 39
INFO 2025-04-12 22:39:00,006 tasks Total active users: 1
INFO 2025-04-12 22:39:00,007 tasks User admin notification time: 22:36
INFO 2025-04-12 22:39:00,008 tasks Found 0 users with notifications scheduled for 19:39
INFO 2025-04-12 22:40:00,003 tasks Starting habit check at 19:40
INFO 2025-04-12 22:40:00,003 tasks Current hour: 19, minute: 40
INFO 2025-04-12 22:40:00,007 tasks Total active users: 1
INFO 2025-04-12 22:40:00,009 tasks User admin notification time: 22:36
INFO 2025-04-12 22:40:00,010 tasks Found 0 users with notifications scheduled for 19:40
INFO 2025-04-12 22:44:09,266 tasks Starting habit check at 19:44
INFO 2025-04-12 22:44:09,266 tasks Current hour: 19, minute: 44
INFO 2025-04-12 22:44:09,270 tasks Total active users: 1
INFO 2025-04-12 22:44:09,270 tasks Checking for notifications at time: 19:44:00
INFO 2025-04-12 22:44:09,272 tasks User admin notification time: 22:36
INFO 2025-04-12 22:44:09,273 tasks Found 0 users with notifications scheduled for 19:44:00
INFO 2025-04-12 22:45:00,004 tasks Starting habit check at 19:45
INFO 2025-04-12 22:45:00,004 tasks Current hour: 19, minute: 45
INFO 2025-04-12 22:45:00,006 tasks Total active users: 1
INFO 2025-04-12 22:45:00,006 tasks Checking for notifications at time: 19:45:00
INFO 2025-04-12 22:45:00,008 tasks User admin notification time: 22:36
INFO 2025-04-12 22:45:00,008 tasks Found 0 users with notifications scheduled for 19:45:00
INFO 2025-04-12 22:46:00,004 tasks Starting habit check at 19:46
INFO 2025-04-12 22:46:00,004 tasks Current hour: 19, minute: 46
INFO 2025-04-12 22:46:00,006 tasks Total active users: 1
INFO 2025-04-12 22:46:00,006 tasks Checking for notifications at time: 19:46:00
INFO 2025-04-12 22:46:00,008 tasks User admin notification time: 22:46
INFO 2025-04-12 22:46:00,010 tasks Found 0 users with notifications scheduled for 19:46:00
INFO 2025-04-12 22:47:00,004 tasks Starting habit check at 19:47
INFO 2025-04-12 22:47:00,005 tasks Current hour: 19, minute: 47
INFO 2025-04-12 22:47:00,007 tasks Total active users: 1
INFO 2025-04-12 22:47:00,007 tasks Checking for notifications at time: 19:47:00
INFO 2025-04-12 22:47:00,009 tasks User admin notification time: 22:46
INFO 2025-04-12 22:47:00,010 tasks Found 0 users with notifications scheduled for 19:47:00
INFO 2025-04-12 22:48:00,004 tasks Starting habit check at 19:48
INFO 2025-04-12 22:48:00,005 tasks Current hour: 19, minute: 48
INFO 2025-04-12 22:48:00,006 tasks Total active users: 1
INFO 2025-04-12 22:48:00,007 tasks Checking for notifications at time: 19:48:00
INFO 2025-04-12 22:48:00,010 tasks User admin notification time: 22:46
INFO 2025-04-12 22:48:00,011 tasks Found 0 users with notifications scheduled for 19:48:00
INFO 2025-04-12 22:49:00,004 tasks Starting habit check at 19:49
INFO 2025-04-12 22:49:00,004 tasks Current hour: 19, minute: 49
INFO 2025-04-12 22:49:00,007 tasks Total active users: 1
INFO 2025-04-12 22:49:00,007 tasks Checking for notifications at time: 19:49:00
INFO 2025-04-12 22:49:00,009 tasks User admin notification time: 22:46
INFO 2025-04-12 22:49:00,010 tasks Found 0 users with notifications scheduled for 19:49:00
INFO 2025-04-12 22:50:00,004 tasks Starting habit check at 19:50
INFO 2025-04-12 22:50:00,004 tasks Current hour: 19, minute: 50
INFO 2025-04-12 22:50:00,007 tasks Total active users: 1
INFO 2025-04-12 22:50:00,007 tasks Checking for notifications at time: 19:50:00
INFO 2025-04-12 22:50:00,009 tasks User admin notification time: 22:46
INFO 2025-04-12 22:50:00,011 tasks Found 0 users with notifications scheduled for 19:50:00
INFO 2025-04-12 22:51:00,005 tasks Starting habit check at 19:51
INFO 2025-04-12 22:51:00,005 tasks Current hour: 19, minute: 51
INFO 2025-04-12 22:51:00,007 tasks Total active users: 1
INFO 2025-04-12 22:51:00,007 tasks Checking for notifications at time: 19:51:00
INFO 2025-04-12 22:51:00,008 tasks User admin notification time: 22:46
INFO 2025-04-12 22:51:00,009 tasks Found 0 users with notifications scheduled for 19:51:00
INFO 2025-04-12 22:52:00,004 tasks Starting habit check at 19:52
INFO 2025-04-12 22:52:00,005 tasks Current hour: 19, minute: 52
INFO 2025-04-12 22:52:00,007 tasks Total active users: 1
INFO 2025-04-12 22:52:00,007 tasks Checking for notifications at time: 19:52:00
INFO 2025-04-12 22:52:00,009 tasks User admin notification time: 22:46
INFO 2025-04-12 22:52:00,010 tasks Found 0 users with notifications scheduled for 19:52:00
INFO 2025-04-12 22:53:00,002 tasks Starting habit check at 19:53
INFO 2025-04-12 22:53:00,003 tasks Current hour: 19, minute: 53
INFO 2025-04-12 22:53:00,005 tasks Total active users: 1
INFO 2025-04-12 22:53:00,006 tasks Checking for notifications at time: 19:53:00
INFO 2025-04-12 22:53:00,007 tasks User admin notification time: 19:53
INFO 2025-04-12 22:53:00,011 tasks Found 0 users with notifications scheduled for 19:53:00
INFO 2025-04-12 22:54:00,003 tasks Starting habit check at 19:54
INFO 2025-04-12 22:54:00,004 tasks Current hour: 19, minute: 54
INFO 2025-04-12 22:54:00,006 tasks Total active users: 1
INFO 2025-04-12 22:54:00,006 tasks Checking for notifications at time: 19:54:00
INFO 2025-04-12 22:54:00,007 tasks User admin notification time: 22:53
INFO 2025-04-12 22:54:00,008 tasks Found 0 users with notifications scheduled for 19:54:00
INFO 2025-04-12 22:56:20,724 tasks Starting habit check at 19:56
INFO 2025-04-12 22:56:20,724 tasks Current hour: 19, minute: 56
INFO 2025-04-12 22:56:20,727 tasks Total active users: 1
INFO 2025-04-12 22:56:20,728 tasks Checking for notifications at time: 19:56:00
INFO 2025-04-12 22:56:20,730 tasks User admin notification time: 22:53
INFO 2025-04-12 22:56:20,731 tasks Found 0 users with notifications scheduled for 19:56:00
INFO 2025-04-12 22:57:00,004 tasks Starting habit check at 19:57
INFO 2025-04-12 22:57:00,004 tasks Current hour: 19, minute: 57
INFO 2025-04-12 22:57:00,006 tasks Total active users: 1
INFO 2025-04-12 22:57:00,007 tasks Checking for notifications at time: 19:57:00
INFO 2025-04-12 22:57:00,009 tasks User admin notification time: 22:57
INFO 2025-04-12 22:57:00,011 tasks Found 0 users with notifications scheduled for 19:57:00
INFO 2025-04-12 22:58:00,003 tasks Starting habit check at 19:58
INFO 2025-04-12 22:58:00,003 tasks Current hour: 19, minute: 58
INFO 2025-04-12 22:58:00,006 tasks Total active users: 1
INFO 2025-04-12 22:58:00,006 tasks Checking for notifications at time: 19:58:00
INFO 2025-04-12 22:58:00,008 tasks User admin notification time: 22:57
INFO 2025-04-12 22:58:00,009 tasks Found 0 users with notifications scheduled for 19:58:00
INFO 2025-04-12 22:59:00,004 tasks Starting habit check at 19:59
INFO 2025-04-12 22:59:00,004 tasks Current hour: 19, minute: 59
INFO 2025-04-12 22:59:00,006 tasks Total active users: 1
INFO 2025-04-12 22:59:00,007 tasks Checking for notifications at time: 19:59:00
INFO 2025-04-12 22:59:00,009 tasks User admin notification time: 22:57
INFO 2025-04-12 22:59:00,010 tasks Found 0 users with notifications scheduled for 19:59:00
INFO 2025-04-12 23:00:00,004 tasks Starting habit check at 20:00
INFO 2025-04-12 23:00:00,004 tasks Current hour: 20, minute: 0
INFO 2025-04-12 23:00:00,007 tasks Total active users: 1
INFO 2025-04-12 23:00:00,007 tasks Checking for notifications at time: 20:00:00
INFO 2025-04-12 23:00:00,010 tasks User admin notification time: 22:57
INFO 2025-04-12 23:00:00,011 tasks Found 0 users with notifications scheduled for 20:00:00
